app/build/outputs/logs/manifest-merger-debug-report.txt
-- Merging decision tree log ---
manifest
ADDED from src\main\AndroidManifest.xml:1:1-38:12
	package
		ADDED from src\main\AndroidManifest.xml:2:5-36
		INJECTED from src\main\AndroidManifest.xml
		INJECTED from src\main\AndroidManifest.xml
	android:versionName
		ADDED from src\main\AndroidManifest.xml:4:5-30
		INJECTED from src\main\AndroidManifest.xml
		INJECTED from src\main\AndroidManifest.xml
	android:versionCode
		ADDED from src\main\AndroidManifest.xml:3:6-29
		INJECTED from src\main\AndroidManifest.xml
		INJECTED from src\main\AndroidManifest.xml
	xmlns:android
		ADDED from src\main\AndroidManifest.xml:1:11-69
uses-sdk
ADDED from src\main\AndroidManifest.xml:6:5-8:41
	android:targetSdkVersion
		ADDED from src\main\AndroidManifest.xml:8:9-38
		INJECTED from src\main\AndroidManifest.xml
		INJECTED from src\main\AndroidManifest.xml
	android:minSdkVersion
		ADDED from src\main\AndroidManifest.xml:7:9-34
		INJECTED from src\main\AndroidManifest.xml
		INJECTED from src\main\AndroidManifest.xml
uses-permission#android.permission.MODIFY_PHONE_STATE
ADDED from src\main\AndroidManifest.xml:9:4-76
	android:name
		ADDED from src\main\AndroidManifest.xml:9:21-73
uses-permission#android.permission.CALL_PHONE
ADDED from src\main\AndroidManifest.xml:10:5-69
	android:name
		ADDED from src\main\AndroidManifest.xml:10:22-66
uses-permission#android.permission.READ_PHONE_STATE
ADDED from src\main\AndroidManifest.xml:11:5-75
	android:name
		ADDED from src\main\AndroidManifest.xml:11:22-72
uses-permission#android.permission.READ_CONTACTS
ADDED from src\main\AndroidManifest.xml:12:5-71
	android:name
		ADDED from src\main\AndroidManifest.xml:12:22-69
application
ADDED from src\main\AndroidManifest.xml:14:5-36:19
	android:label
		ADDED from src\main\AndroidManifest.xml:16:9-41
	android:icon
		ADDED from src\main\AndroidManifest.xml:15:9-44
	android:theme
		ADDED from src\main\AndroidManifest.xml:17:9-40
receiver#com.example.blockcall.Blocker
ADDED from src\main\AndroidManifest.xml:19:7-24:18
	android:name
		ADDED from src\main\AndroidManifest.xml:19:17-40
intent-filter#android.intent.action.PHONE_STATE
ADDED from src\main\AndroidManifest.xml:20:11-23:27
	android:priority
		ADDED from src\main\AndroidManifest.xml:20:26-49
action#android.intent.action.PHONE_STATE
ADDED from src\main\AndroidManifest.xml:21:15-81
	android:name
		ADDED from src\main\AndroidManifest.xml:21:23-71
activity#com.example.blockcall.Blockers
ADDED from src\main\AndroidManifest.xml:25:7-30:18
	android:label
		ADDED from src\main\AndroidManifest.xml:25:42-74
	android:icon
		ADDED from src\main\AndroidManifest.xml:25:75-110
	android:name
		ADDED from src\main\AndroidManifest.xml:25:17-41
intent-filter#android.intent.action.MAIN+android.intent.category.LAUNCHER
ADDED from src\main\AndroidManifest.xml:26:11-29:29
action#android.intent.action.MAIN
ADDED from src\main\AndroidManifest.xml:27:17-69
	android:name
		ADDED from src\main\AndroidManifest.xml:27:25-66
category#android.intent.category.LAUNCHER
ADDED from src\main\AndroidManifest.xml:28:17-77
	android:name
		ADDED from src\main\AndroidManifest.xml:28:27-74
activity#com.example.blockcall.NumberList
ADDED from src\main\AndroidManifest.xml:31:8-34:18
	android:label
		ADDED from src\main\AndroidManifest.xml:31:45-77
	android:theme
		ADDED from src\main\AndroidManifest.xml:32:13-55
	android:name
		ADDED from src\main\AndroidManifest.xml:31:18-44
activity#com.example.blockcall.ListActivity
ADDED from src\main\AndroidManifest.xml:35:7-90
	android:label
		ADDED from src\main\AndroidManifest.xml:35:46-78
	android:name
		ADDED from src\main\AndroidManifest.xml:35:17-45